./unit_test
SIPHASH64 bits of output OK!!!
726fdb47dd0e0e31
TEST   64 bits of output OK!!!
a041afe55d33c2cf
TEST  128 bits of output OK!!!
e8c790169510bfbab9d25019a4f78716
TEST  192 bits of output OK!!!
e8c790169510bfbab9d25019a4f786cd8847d74565d2eba5
TEST  320 bits of output OK!!!
f5aeee6b7ff1ddf24484f584b3f7ce72e30d418fb28c7e3cea737b7f3abd27f7518dcc041e291c0f
SHA3  512 bits of output OK!!!
a69f73cca23a9ac5c8b567dc185a756e97c982164fe25859e0d1dcc1475c80a615b2123af1f5f94c11e3e9402c3ac558f500199d95b6d3e301758586281dcd26
TEST  512 bits of output OK!!!
62199873880effb36556d98ab20a2c4f32e5c68a4bc49bbd40cba833785e3c2c9774287ab18dffbe4a102a4f243dde7c1ffe501b86c5303421415e2aab2132e7
TEST  768 bits of output (x4) OK!!!
6219986a754b80526556d98a6f67e19c32e5c68c9b3321cd40cba83372e0eeef9774287a573d1c4b4a102a501e2a9a9c1ffe501c67efa8559d66d7d1aaf6e76f454a46c642cf1cf9aaafe17a9f1c2775d38b173aa0bdb0362243f0dbe83b72cb
TEST 1024 bits of output (xM) OK!!!
0d3a879c9a71f6717b43c589321cf0e13e9927f0fac73232de94f77f17b01b555362f257810dfc3301408bb9c0e967d3bcbf9f678a1b8e445298fbdc7122e40e453c32c5f3f802f1fe9e6e12bcd6a0a069dddb7ece5a06792235dcd3ac7fa250354cc5b7a8300e5e13bac744abb43dc375f01f6ab71ca82d825cfab272fdda61
TEST 2048 bits of output (xMM) OK!!!
e9b90e715bd879a1847732c649632381cbdd7ef7ab8ba076579b9f66a03228e068882ef485f29061d3a598c4aad1ae88ae3b7c80604d6a492a635f9f816e33bedab9adc5954419617b08a7874c9b6a54d7ebd8652469e78b2235dcd3ac7fa2501d0f580357ec96e72cb65b2ccc1683bc113d761a686c351454c207bd5ce62136d29eb349746ac9b96907647a940881b0377fd5cf08726ed92f7e8b539a9203bd8299df3fb512283cf1b6ea5cac8818f984b1a6d36b14ffb088a2d2efcf3e2f808202f86438e801a1a5a03532a54a18ef3cccc5b7bee4407c0fa76d5afd9f4f0b793bcd151b6391b7cf90fd473e58403fae3fb7a0118d81ab09cddf8a964ded84
===================> Tue 20 Oct 2020 04:33:33 AM CDT <======================================
COUNTING FILE BITS [../../rockyou.txt]..
(0)-(1)=(603834287)(515537385)
(0)-(1)=(0.539440386159781293251569423%)(0.460559613840218762259581808%)
(error)=(0.0394403861597812932515694229)=(3.944038615978129325156942286e-02)
TIME (USER)=0m1.916s
===================> Tue 20 Oct 2020 04:33:35 AM CDT <===================
===================> PROCESSING...
===> PROCESANDO.. FILE=[[../../rockyou.txt]]-BITS=[[siphash]]-[[1x]] OUT_DIR_HASH=[[/spacio/azrael]] OUT_DIR_HASH_XZ=[[/spacio/azrael]]
HASHING...
c is parsing file..
TIME (USER)=0m2.719s
***=========|/
HASHING IS DONE!
COUNTING HASHED BITS..
(0)-(1)=(227084115)(228875821)
(0)-(1)=(0.498035237464372282367719436%)(0.501964762535627717632280564%)
(error)=(0.00196476253562771763228056443)=(1.964762535627717632280564430e-03)
TIME (USER)=0m1.779s
============|/
COUNTING IS DONE!
COMPRESSING (bz2)..
  /spacio/azrael/outsiphash-rock.hash:  0.996:1,  8.035 bits/byte, -0.44% saved, 114755096 in, 115262848 out.
TIME (USER)=0m14.251s
COMPRESSING IS DONE!
COUNTING COMPRESS BITS..
(0)-(1)=(234974952)(238331744)
(0)-(1)=(0.49645389339685147556124889%)(0.503546106603148468927599879%)
(error)=(0.00354610660314852443875111021)=(3.546106603148524438751110210e-03)
TIME (USER)=0m1.837s
============|/
COUNTING IS DONE!
-rw-r--r-- 1 jmedina jmedina 110M Oct 20 04:33 /spacio/azrael/outsiphash-rock.hash
-rw-r--r-- 1 jmedina jmedina 110M Oct 20 04:33 /spacio/azrael/outsiphash-rock.hash.xz
-rw-r--r-- 1 jmedina jmedina 114755096 Oct 20 04:33 /spacio/azrael/outsiphash-rock.hash
-rw-r--r-- 1 jmedina jmedina 115262848 Oct 20 04:33 /spacio/azrael/outsiphash-rock.hash.xz
DIFFER=507752 bits
COMPRESS_RATIO=1.004424657533291593429541464%
----------------|/
         error=(0.004424657533291593429541464)=(4.424657533291593419777498752e-03)
-----------------|/
===> DONE!
TOTAL TIME (USER)=0m20.599s
===================> Tue 20 Oct 2020 04:33:56 AM CDT <===================
===================> Tue 20 Oct 2020 04:33:56 AM CDT <===================
===================> PROCESSING...
===> PROCESANDO.. FILE=[[../../rockyou.txt]]-BITS=[[sha3]]-[[1x]] OUT_DIR_HASH=[[/spacio/azrael]] OUT_DIR_HASH_XZ=[[/spacio/azrael]]
HASHING...
c is parsing file..
TIME (USER)=0m19.337s
***=========|/
HASHING IS DONE!
COUNTING HASHED BITS..
(0)-(1)=(1821051021)(1835438659)
(0)-(1)=(0.498032588731386782754384512%)(0.501967411268613217245615488%)
(error)=(0.00196741126861321724561548763)=(1.967411268613217245615487627e-03)
TIME (USER)=0m14.254s
============|/
COUNTING IS DONE!
COMPRESSING (bz2)..
  /spacio/azrael/outsha3-rock.hash:  0.996:1,  8.035 bits/byte, -0.44% saved, 918040768 in, 922107229 out.
TIME (USER)=1m51.418s
COMPRESSING IS DONE!
COUNTING COMPRESS BITS..
(0)-(1)=(1885865971)(1913033069)
(0)-(1)=(0.496424345881010808945177359%)(0.503575654118989191054822641%)
(error)=(0.00357565411898919105482264058)=(3.575654118989191054822640581e-03)
TIME (USER)=0m14.765s
============|/
COUNTING IS DONE!
-rw-r--r-- 1 jmedina jmedina 876M Oct 20 04:34 /spacio/azrael/outsha3-rock.hash
-rw-r--r-- 1 jmedina jmedina 880M Oct 20 04:36 /spacio/azrael/outsha3-rock.hash.xz
-rw-r--r-- 1 jmedina jmedina 918040768 Oct 20 04:34 /spacio/azrael/outsha3-rock.hash
-rw-r--r-- 1 jmedina jmedina 922107229 Oct 20 04:36 /spacio/azrael/outsha3-rock.hash.xz
DIFFER=4066461 bits
COMPRESS_RATIO=1.004429499366198081521364419%
----------------|/
         error=(0.004429499366198081521364419)=(4.429499366198081343470871474e-03)
-----------------|/
===> DONE!
TOTAL TIME (USER)=2m39.782s
===================> Tue 20 Oct 2020 04:36:41 AM CDT <===================
===================> Tue 20 Oct 2020 04:36:41 AM CDT <===================
===================> PROCESSING...
===> PROCESANDO.. FILE=[[../../rockyou.txt]]-BITS=[[64]]-[[1x]] OUT_DIR_HASH=[[/spacio/azrael]] OUT_DIR_HASH_XZ=[[/spacio/azrael]]
HASHING...
c is parsing file..
TIME (USER)=0m8.943s
***=========|/
HASHING IS DONE!
COUNTING HASHED BITS..
(0)-(1)=(237349195)(238194685)
(0)-(1)=(0.49911102840814608461172952%)(0.500888971591853970899421711%)
(error)=(0.000888971591853915388270479525)=(8.889715918539153882704795251e-04)
TIME (USER)=0m1.853s
============|/
COUNTING IS DONE!
COMPRESSING (bz2)..
  /spacio/azrael/out64-rock.hash:  0.995:1,  8.040 bits/byte, -0.50% saved, 114755096 in, 115334268 out.
TIME (USER)=0m14.120s
COMPRESSING IS DONE!
COUNTING COMPRESS BITS..
(0)-(1)=(232823968)(235443552)
(0)-(1)=(0.497202898035721096992034518%)(0.502797101964278847496814251%)
(error)=(0.00279710196427890300796548217)=(2.797101964278903007965482175e-03)
TIME (USER)=0m1.824s
============|/
COUNTING IS DONE!
-rw-r--r-- 1 jmedina jmedina 110M Oct 20 04:36 /spacio/azrael/out64-rock.hash
-rw-r--r-- 1 jmedina jmedina 110M Oct 20 04:37 /spacio/azrael/out64-rock.hash.xz
-rw-r--r-- 1 jmedina jmedina 114755096 Oct 20 04:36 /spacio/azrael/out64-rock.hash
-rw-r--r-- 1 jmedina jmedina 115334268 Oct 20 04:37 /spacio/azrael/out64-rock.hash.xz
DIFFER=579172 bits
COMPRESS_RATIO=1.005047026408308699423683981%
----------------|/
         error=(0.005047026408308699423683981)=(5.047026408308699814420084095e-03)
-----------------|/
===> DONE!
TOTAL TIME (USER)=0m26.747s
===================> Tue 20 Oct 2020 04:37:09 AM CDT <===================
===================> Tue 20 Oct 2020 04:37:09 AM CDT <===================
===================> PROCESSING...
===> PROCESANDO.. FILE=[[../../rockyou.txt]]-BITS=[[128]]-[[1x]] OUT_DIR_HASH=[[/spacio/azrael]] OUT_DIR_HASH_XZ=[[/spacio/azrael]]
HASHING...
c is parsing file..
TIME (USER)=0m9.241s
***=========|/
HASHING IS DONE!
COUNTING HASHED BITS..
(0)-(1)=(442196895)(441434865)
(0)-(1)=(0.500431192061272178683850598%)(0.499568807938727765804998171%)
(error)=(0.000431192061272178683850597736)=(4.311920612721786838505977357e-04)
TIME (USER)=0m3.431s
============|/
COUNTING IS DONE!
COMPRESSING (bz2)..
  /spacio/azrael/out128-rock.hash:  0.995:1,  8.038 bits/byte, -0.47% saved, 229510192 in, 230596953 out.
TIME (USER)=0m27.328s
COMPRESSING IS DONE!
COUNTING COMPRESS BITS..
(0)-(1)=(463706032)(468596648)
(0)-(1)=(0.497377130783320298146321647%)(0.502622869216679757364829584%)
(error)=(0.00262286921667970185367835256)=(2.622869216679701853678352563e-03)
TIME (USER)=0m3.626s
============|/
COUNTING IS DONE!
-rw-r--r-- 1 jmedina jmedina 219M Oct 20 04:37 /spacio/azrael/out128-rock.hash
-rw-r--r-- 1 jmedina jmedina 220M Oct 20 04:37 /spacio/azrael/out128-rock.hash.xz
-rw-r--r-- 1 jmedina jmedina 229510192 Oct 20 04:37 /spacio/azrael/out128-rock.hash
-rw-r--r-- 1 jmedina jmedina 230596953 Oct 20 04:37 /spacio/azrael/out128-rock.hash.xz
DIFFER=1086761 bits
COMPRESS_RATIO=1.004735131762688778544527556%
----------------|/
         error=(0.004735131762688778544527556)=(4.735131762688778514491794169e-03)
-----------------|/
===> DONE!
TOTAL TIME (USER)=0m43.635s
===================> Tue 20 Oct 2020 04:37:54 AM CDT <===================
===================> Tue 20 Oct 2020 04:37:54 AM CDT <===================
===================> PROCESSING...
===> PROCESANDO.. FILE=[[../../rockyou.txt]]-BITS=[[192]]-[[1x]] OUT_DIR_HASH=[[/spacio/azrael]] OUT_DIR_HASH_XZ=[[/spacio/azrael]]
HASHING...
c is parsing file..
TIME (USER)=0m9.569s
***=========|/
HASHING IS DONE!
COUNTING HASHED BITS..
(0)-(1)=(679026063)(680431993)
(0)-(1)=(0.499482907915476004312438363%)(0.500517092084523995687561637%)
(error)=(0.000517092084523995687561637169)=(5.170920845239956875616371690e-04)
TIME (USER)=0m5.285s
============|/
COUNTING IS DONE!
COMPRESSING (bz2)..
  /spacio/azrael/out192-rock.hash:  0.995:1,  8.041 bits/byte, -0.51% saved, 344265288 in, 346026563 out.
TIME (USER)=0m42.160s
COMPRESSING IS DONE!
COUNTING COMPRESS BITS..
(0)-(1)=(708121685)(715773283)
(0)-(1)=(0.497313145220694419190721192%)(0.50268685477930563632043004%)
(error)=(0.00268685477930558080927880837)=(2.686854779305580809278808374e-03)
TIME (USER)=0m5.532s
============|/
COUNTING IS DONE!
-rw-r--r-- 1 jmedina jmedina 329M Oct 20 04:38 /spacio/azrael/out192-rock.hash
-rw-r--r-- 1 jmedina jmedina 330M Oct 20 04:38 /spacio/azrael/out192-rock.hash.xz
-rw-r--r-- 1 jmedina jmedina 344265288 Oct 20 04:38 /spacio/azrael/out192-rock.hash
-rw-r--r-- 1 jmedina jmedina 346026563 Oct 20 04:38 /spacio/azrael/out192-rock.hash.xz
DIFFER=1761275 bits
COMPRESS_RATIO=1.005116040046419085969538700%
----------------|/
         error=(0.005116040046419085969538700)=(5.116040046419086106954665638e-03)
-----------------|/
===> DONE!
TOTAL TIME (USER)=1m2.553s
===================> Tue 20 Oct 2020 04:38:59 AM CDT <===================
===================> Tue 20 Oct 2020 04:38:59 AM CDT <===================
===================> PROCESSING...
===> PROCESANDO.. FILE=[[../../rockyou.txt]]-BITS=[[320]]-[[1x]] OUT_DIR_HASH=[[/spacio/azrael]] OUT_DIR_HASH_XZ=[[/spacio/azrael]]
HASHING...
c is parsing file..
TIME (USER)=0m9.219s
***=========|/
HASHING IS DONE!
COUNTING HASHED BITS..
(0)-(1)=(1257876213)(1255195867)
(0)-(1)=(0.500533280764473786916823883%)(0.499466719235526268594327348%)
(error)=(0.000533280764473786916823883075)=(5.332807644737869168238830753e-04)
TIME (USER)=0m9.786s
============|/
COUNTING IS DONE!
COMPRESSING (bz2)..
  /spacio/azrael/out320-rock.hash:  0.995:1,  8.041 bits/byte, -0.51% saved, 573775480 in, 576690714 out.
TIME (USER)=1m10.809s
COMPRESSING IS DONE!
COUNTING COMPRESS BITS..
(0)-(1)=(1176935548)(1189437236)
(0)-(1)=(0.497358470295861887500166176%)(0.502641529704138112499833824%)
(error)=(0.00264152970413811249983382368)=(2.641529704138112499833823676e-03)
TIME (USER)=0m9.201s
============|/
COUNTING IS DONE!
-rw-r--r-- 1 jmedina jmedina 548M Oct 20 04:39 /spacio/azrael/out320-rock.hash
-rw-r--r-- 1 jmedina jmedina 550M Oct 20 04:40 /spacio/azrael/out320-rock.hash.xz
-rw-r--r-- 1 jmedina jmedina 573775480 Oct 20 04:39 /spacio/azrael/out320-rock.hash
-rw-r--r-- 1 jmedina jmedina 576690714 Oct 20 04:40 /spacio/azrael/out320-rock.hash.xz
DIFFER=2915234 bits
COMPRESS_RATIO=1.005080792229044015613912257%
----------------|/
         error=(0.005080792229044015613912257)=(5.080792229044015298478065290e-03)
-----------------|/
===> DONE!
TOTAL TIME (USER)=1m39.025s
===================> Tue 20 Oct 2020 04:40:41 AM CDT <===================
===================> Tue 20 Oct 2020 04:40:41 AM CDT <===================
===================> PROCESSING...
===> PROCESANDO.. FILE=[[../../rockyou.txt]]-BITS=[[512]]-[[1x]] OUT_DIR_HASH=[[/spacio/azrael]] OUT_DIR_HASH_XZ=[[/spacio/azrael]]
HASHING...
c is parsing file..
TIME (USER)=0m10.035s
***=========|/
HASHING IS DONE!
COUNTING HASHED BITS..
(0)-(1)=(2033364633)(2027077199)
(0)-(1)=(0.500774230275933152078948751%)(0.499225769724066792409900017%)
(error)=(0.000774230275933152078948751296)=(7.742302759331520789487512957e-04)
TIME (USER)=0m15.810s
============|/
COUNTING IS DONE!
COMPRESSING (bz2)..
  /spacio/azrael/out512-rock.hash:  0.995:1,  8.040 bits/byte, -0.50% saved, 918040768 in, 922614236 out.
TIME (USER)=1m52.523s
COMPRESSING IS DONE!
COUNTING COMPRESS BITS..
(0)-(1)=(1887653129)(1908247791)
(0)-(1)=(0.497287249794707508776525628%)(0.502712750205292491223474372%)
(error)=(0.00271275020529249122347437151)=(2.712750205292491223474371509e-03)
TIME (USER)=0m14.723s
============|/
COUNTING IS DONE!
-rw-r--r-- 1 jmedina jmedina 876M Oct 20 04:40 /spacio/azrael/out512-rock.hash
-rw-r--r-- 1 jmedina jmedina 880M Oct 20 04:43 /spacio/azrael/out512-rock.hash.xz
-rw-r--r-- 1 jmedina jmedina 918040768 Oct 20 04:40 /spacio/azrael/out512-rock.hash
-rw-r--r-- 1 jmedina jmedina 922614236 Oct 20 04:43 /spacio/azrael/out512-rock.hash.xz
DIFFER=4573468 bits
COMPRESS_RATIO=1.004981770047057430896140769%
----------------|/
         error=(0.004981770047057430896140769)=(4.981770047057430816916934191e-03)
-----------------|/
===> DONE!
TOTAL TIME (USER)=2m33.097s
===================> Tue 20 Oct 2020 04:43:21 AM CDT <===================
===================> Tue 20 Oct 2020 04:43:21 AM CDT <===================
===================> PROCESSING...
===> PROCESANDO.. FILE=[[../../rockyou.txt]]-BITS=[[x4]]-[[1x]] OUT_DIR_HASH=[[/spacio/azrael]] OUT_DIR_HASH_XZ=[[/spacio/azrael]]
HASHING...
c is parsing file..
TIME (USER)=0m10.246s
***=========|/
HASHING IS DONE!
COUNTING HASHED BITS..
(0)-(1)=(3078114837)(3072263851)
(0)-(1)=(0.500475660629760565889512236%)(0.499524339370239434110487764%)
(error)=(0.000475660629760565889512236026)=(4.756606297605658895122360263e-04)
TIME (USER)=0m23.960s
============|/
COUNTING IS DONE!
COMPRESSING (bz2)..
  /spacio/azrael/outx4-rock.hash:  0.995:1,  8.039 bits/byte, -0.49% saved, 1377061152 in, 1383776438 out.
TIME (USER)=2m49.307s
COMPRESSING IS DONE!
COUNTING COMPRESS BITS..
(0)-(1)=(2830183360)(2863115760)
(0)-(1)=(0.497107792924113944810216026%)(0.502892207075886110700935205%)
(error)=(0.00289220707588605518978397413)=(2.892207075886055189783974129e-03)
TIME (USER)=0m22.098s
============|/
COUNTING IS DONE!
-rw-r--r-- 1 jmedina jmedina 1.3G Oct 20 04:43 /spacio/azrael/outx4-rock.hash
-rw-r--r-- 1 jmedina jmedina 1.3G Oct 20 04:46 /spacio/azrael/outx4-rock.hash.xz
-rw-r--r-- 1 jmedina jmedina 1377061152 Oct 20 04:43 /spacio/azrael/outx4-rock.hash
-rw-r--r-- 1 jmedina jmedina 1383776438 Oct 20 04:46 /spacio/azrael/outx4-rock.hash.xz
DIFFER=6715286 bits
COMPRESS_RATIO=1.004876534342898956458253206%
----------------|/
         error=(0.004876534342898956458253206)=(4.876534342898956701783941270e-03)
-----------------|/
===> DONE!
TOTAL TIME (USER)=3m45.618s
===================> Tue 20 Oct 2020 04:47:15 AM CDT <===================
===================> Tue 20 Oct 2020 04:47:15 AM CDT <===================
===================> PROCESSING...
===> PROCESANDO.. FILE=[[../../rockyou.txt]]-BITS=[[xM]]-[[1x]] OUT_DIR_HASH=[[/spacio/azrael]] OUT_DIR_HASH_XZ=[[/spacio/azrael]]
HASHING...
c is parsing file..
TIME (USER)=0m10.668s
***=========|/
HASHING IS DONE!
COUNTING HASHED BITS..
(0)-(1)=(4012378646)(4018836946)
(0)-(1)=(0.499597925125653874456332915%)(0.500402074874346070032515854%)
(error)=(0.000402074874346125543667085367)=(4.020748743461255436670853669e-04)
TIME (USER)=0m31.260s
============|/
COUNTING IS DONE!
COMPRESSING (bz2)..
  /spacio/azrael/outxM-rock.hash:  0.995:1,  8.039 bits/byte, -0.49% saved, 1836081536 in, 1845000670 out.
TIME (USER)=3m42.211s
COMPRESSING IS DONE!
COUNTING COMPRESS BITS..
(0)-(1)=(3775379561)(3820095519)
(0)-(1)=(0.497056408089749157674930302%)(0.502943591910250842325069698%)
(error)=(0.00294359191025084232506969784)=(2.943591910250842325069697836e-03)
TIME (USER)=0m29.495s
============|/
COUNTING IS DONE!
-rw-r--r-- 1 jmedina jmedina 1.8G Oct 20 04:47 /spacio/azrael/outxM-rock.hash
-rw-r--r-- 1 jmedina jmedina 1.8G Oct 20 04:51 /spacio/azrael/outxM-rock.hash.xz
-rw-r--r-- 1 jmedina jmedina 1836081536 Oct 20 04:47 /spacio/azrael/outxM-rock.hash
-rw-r--r-- 1 jmedina jmedina 1845000670 Oct 20 04:51 /spacio/azrael/outxM-rock.hash.xz
DIFFER=8919134 bits
COMPRESS_RATIO=1.004857700393540692955369929%
----------------|/
         error=(0.004857700393540692955369929)=(4.857700393540692607174946716e-03)
-----------------|/
===> DONE!
TOTAL TIME (USER)=4m53.645s
===================> Tue 20 Oct 2020 04:52:23 AM CDT <===================
===================> Tue 20 Oct 2020 04:52:23 AM CDT <===================
===================> PROCESSING...
===> PROCESANDO.. FILE=[[../../rockyou.txt]]-BITS=[[xMM]]-[[1x]] OUT_DIR_HASH=[[/spacio/azrael]] OUT_DIR_HASH_XZ=[[/spacio/azrael]]
HASHING...
c is parsing file..
TIME (USER)=0m15.945s
***=========|/
HASHING IS DONE!
COUNTING HASHED BITS..
(0)-(1)=(7825126716)(7827031828)
(0)-(1)=(0.499939142195798602585909975%)(0.500060857804201397414090025%)
(error)=(6.08578042013974140900245402e-05)=(6.085780420139741409002454020e-05)
TIME (USER)=1m0.902s
============|/
COUNTING IS DONE!
COMPRESSING (bz2)..
  /spacio/azrael/outxMM-rock.hash:  0.995:1,  8.039 bits/byte, -0.48% saved, 3672163072 in, 3689967162 out.
TIME (USER)=7m33.422s
COMPRESSING IS DONE!
COUNTING COMPRESS BITS..
(0)-(1)=(7541969942)(7630743090)
(0)-(1)=(0.497074578955893631171392144%)(0.502925421044106424339759087%)
(error)=(0.0029254210441063688286078559)=(2.925421044106368828607855903e-03)
TIME (USER)=0m59.283s
============|/
COUNTING IS DONE!
-rw-r--r-- 1 jmedina jmedina 3.5G Oct 20 04:53 /spacio/azrael/outxMM-rock.hash
-rw-r--r-- 1 jmedina jmedina 3.5G Oct 20 05:02 /spacio/azrael/outxMM-rock.hash.xz
-rw-r--r-- 1 jmedina jmedina 3672163072 Oct 20 04:53 /spacio/azrael/outxMM-rock.hash
-rw-r--r-- 1 jmedina jmedina 3689967162 Oct 20 05:02 /spacio/azrael/outxMM-rock.hash.xz
DIFFER=17804090 bits
COMPRESS_RATIO=1.004848393072670167083473138%
----------------|/
         error=(0.004848393072670167083473138)=(4.848393072670167079640801688e-03)
-----------------|/
===> DONE!
TOTAL TIME (USER)=9m49.564s
===================> Tue 20 Oct 2020 05:03:24 AM CDT <===================
