=====> START FILE=/esp.txt-174851
===> FUNCION=Azrael512 1x
TABLE SIZE=174851
Ocupadas/Vacias=110568/64283-63.23555484383847%-36.76444515616153%
MAX Encadenamiento=7
Promedio Casillas=1.5813616959699008
Colisiones=[0]
TOTAL=174848
TIME = [1.631] secs,[0.027183333333333334] mins.
=====> START FILE=/en.txt-194483
===> FUNCION=Azrael512 1x
TABLE SIZE=194483
Ocupadas/Vacias=122751/71732-63.116570600001026%-36.883429399998974%
MAX Encadenamiento=8
Promedio Casillas=1.583962656108708
Colisiones=[0]
TOTAL=194433
TIME = [1.498] secs,[0.024966666666666668] mins.
=====> START FILE=/words.txt-466547
===> FUNCION=Azrael512 1x
TABLE SIZE=466547
Ocupadas/Vacias=294946/171601-63.21892542444812%-36.78107457555188%
MAX Encadenamiento=9
Promedio Casillas=1.5817946335939461
Colisiones=[0]
TOTAL=466544
TIME = [2.751] secs,[0.04585] mins.
=====> START FILE=/rockyou.txt-14344403
===> FUNCION=Azrael512 1x
TABLE SIZE=14344403
Ocupadas/Vacias=9070647/5273756-63.234747378472285%-36.765252621527715%
MAX Encadenamiento=10
Promedio Casillas=1.5814071476929925
Colisiones=[0]
TOTAL=14344386
TIME = [109.289] secs,[1.8214833333333333] mins.
=====> START FILE=/clean.txt-1370687
===> FUNCION=Azrael512 1x
TABLE SIZE=1370687
Ocupadas/Vacias=866186/504501-63.19356643785197%-36.80643356214803%
MAX Encadenamiento=8
Promedio Casillas=1.5824361049474363
Colisiones=[0]
TOTAL=1370684
TIME = [17.258] secs,[0.28763333333333335] mins.
=====> CLEANING UP... DONE ==>
=====> START TWO BIT DISTINCT=15000
===> FUNCION=Azrael512 1x
STARTING...
TABLE SIZE=120031
Ocupadas/Vacias=75884/44147-63.22033474685706%-36.77966525314294%
MAX Encadenamiento=7
Promedio Casillas=1.581361024721944
Colisiones=[0]
TOTAL=120000
TIME = [84.406] secs,[1.4067666666666667] mins.
=====> CLEANING UP... DONE ==>
=====> START RANDOM BYTES=15000
===> FUNCION=Azrael512 1x
STARTING...
TABLE SIZE=120031
Ocupadas/Vacias=75715/44316-63.07953778607193%-36.92046221392807%
MAX Encadenamiento=7
Promedio Casillas=1.584890708578221
Colisiones=[0]
TOTAL=120000
TIME = [105.706] secs,[1.7617666666666667] mins.
=====> CLEANING UP... DONE ==>
