=====> START FILE=/esp.txt-174851
===> FUNCION=SHA-256 1x
TABLE SIZE=174851
Ocupadas/Vacias=110509/64342-63.20181182835672%-36.79818817164328%
MAX Encadenamiento=8
Promedio Casillas=1.582205974174049
Colisiones=[0]
TOTAL=174848
TIME = [1.074] secs,[0.0179] mins.
=====> START FILE=/en.txt-194483
===> FUNCION=SHA-256 1x
TABLE SIZE=194483
Ocupadas/Vacias=123128/71355-63.310417877140935%-36.689582122859065%
MAX Encadenamiento=8
Promedio Casillas=1.5791127931908258
Colisiones=[0]
TOTAL=194433
TIME = [0.564] secs,[0.0094] mins.
=====> START FILE=/words.txt-466547
===> FUNCION=SHA-256 1x
TABLE SIZE=466547
Ocupadas/Vacias=294827/171720-63.193418883842355%-36.806581116157645%
MAX Encadenamiento=8
Promedio Casillas=1.5824330878786543
Colisiones=[0]
TOTAL=466544
TIME = [0.966] secs,[0.0161] mins.
=====> START FILE=/rockyou.txt-14344403
===> FUNCION=SHA-256 1x
TABLE SIZE=14344403
Ocupadas/Vacias=9065973/5278430-63.20216324095189%-36.79783675904811%
MAX Encadenamiento=10
Promedio Casillas=1.5822224487101384
Colisiones=[0]
TOTAL=14344386
TIME = [26.491] secs,[0.44151666666666667] mins.
=====> START FILE=/clean.txt-1370687
===> FUNCION=SHA-256 1x
TABLE SIZE=1370687
Ocupadas/Vacias=866993/503694-63.252442023598384%-36.747557976401616%
MAX Encadenamiento=10
Promedio Casillas=1.5809631680993965
Colisiones=[0]
TOTAL=1370684
TIME = [4.82] secs,[0.08033333333333334] mins.
=====> CLEANING UP... DONE ==>
=====> START TWO BIT DISTINCT=15000
===> FUNCION=SHA-256 1x
STARTING...
TABLE SIZE=120031
Ocupadas/Vacias=75859/44172-63.1995067940782%-36.8004932059218%
MAX Encadenamiento=7
Promedio Casillas=1.5818821761425803
Colisiones=[0]
TOTAL=120000
TIME = [6.59] secs,[0.10983333333333334] mins.
=====> CLEANING UP... DONE ==>
=====> START RANDOM BYTES=15000
===> FUNCION=SHA-256 1x
STARTING...
TABLE SIZE=120031
Ocupadas/Vacias=75879/44152-63.21616915630129%-36.78383084369871%
MAX Encadenamiento=8
Promedio Casillas=1.5814652275333096
Colisiones=[0]
TOTAL=120000
TIME = [26.471] secs,[0.4411833333333333] mins.
=====> CLEANING UP... DONE ==>
